  loadImages: false
  consolePrefix: #
  scrollTimeout: 20000
  scrollCount: 10
  fetchTimeout: 120000
  userAgent: chrome
  port: 19080p
 Config:
{"height":1080,"width":1920}
fetch url : http://sinorelo.com/
forward to : http://sinorelo.com/
{"headers":{"Accept":"*/*","Connection":"Close","Host":"sinorelo.com","Proxy-Connection":"Keep-Alive","User-Agent":"Wget/1.14 (linux-gnu)"},"httpVersion":"1.1","method":"GET","url":"http://sinorelo.com/"}
waiting ...true 16 1 0 0
tick : 10
waiting ...true 15 1 0 0
waiting ...true 14 1 0 0
waiting ...true 13 1 0 0
waiting ...true 12 2 0 0
tick : 9
waiting ...true 11 2 0 0
waiting ...true 10 2 0 0
waiting ...true 9 2 0 0
waiting ...true 8 3 0 0
tick : 8
waiting ...true 7 3 0 0
waiting ...true 6 3 0 0
waiting ...true 5 3 0 0
waiting ...true 4 4 0 0
tick : 7
waiting ...true 3 4 0 0
waiting ...true 2 4 0 0
waiting ...true 1 4 0 0
close response and page
forward to : {"bodySize":310,"contentType":"text/html; charset=iso-8859-1","headers":[{"name":"Date","value":"Thu, 10 Apr 2014 14:38:58 GMT"},{"name":"Server","value":"Apache/2.2.22 (Ubuntu)"},{"name":"Location","value":"http://www.sinorelo.com/"},{"name":"Vary","value":"Accept-Encoding"},{"name":"Content-Encoding","value":"gzip"},{"name":"Keep-Alive","value":"timeout=5, max=100"},{"name":"Connection","value":"Keep-Alive"},{"name":"Content-Type","value":"text/html; charset=iso-8859-1"}],"id":1,"redirectURL":"http://www.sinorelo.com/","stage":"start","status":301,"statusText":"Moved Permanently","time":"2014-04-10T14:39:00.573Z","url":"http://sinorelo.com/"}
call user defined complete handler
condition fulfilled
tick : 6
{"height":1080,"width":1920}
fetch url : http://sinorelo.com/
forward to : http://sinorelo.com/
{"headers":{"Accept":"*/*","Connection":"Close","Host":"sinorelo.com","Proxy-Connection":"Keep-Alive","User-Agent":"Wget/1.14 (linux-gnu)"},"httpVersion":"1.1","method":"GET","url":"http://sinorelo.com/"}
waiting ...true 16 5 2 2
waiting ...true 15 5 2 2
waiting ...true 14 5 2 2
waiting ...true 13 6 2 2
tick : 10
waiting ...true 12 6 2 2
waiting ...true 11 6 2 2
waiting ...true 10 6 2 2
waiting ...true 9 7 2 2
tick : 9
waiting ...true 8 7 2 2
waiting ...true 7 7 2 2
waiting ...true 6 7 2 2
waiting ...true 5 8 2 2
tick : 8
waiting ...true 4 8 2 2
waiting ...true 3 8 2 2
waiting ...true 2 8 2 2
waiting ...true 1 9 2 2
tick : 7
close response and page
forward to : {"bodySize":310,"contentType":"text/html; charset=iso-8859-1","headers":[{"name":"Date","value":"Thu, 10 Apr 2014 14:38:58 GMT"},{"name":"Server","value":"Apache/2.2.22 (Ubuntu)"},{"name":"Location","value":"http://www.sinorelo.com/"},{"name":"Vary","value":"Accept-Encoding"},{"name":"Content-Encoding","value":"gzip"},{"name":"Keep-Alive","value":"timeout=5, max=100"},{"name":"Connection","value":"Keep-Alive"},{"name":"Content-Type","value":"text/html; charset=iso-8859-1"}],"id":1,"redirectURL":"http://www.sinorelo.com/","stage":"start","status":301,"statusText":"Moved Permanently","time":"2014-04-10T14:39:00.573Z","url":"http://sinorelo.com/"}
call user defined complete handler
condition fulfilled
